PdTest/build/outputs/logs/manifest-merger-debug-report.txt
-- Merging decision tree log ---
manifest
ADDED from untref-sintetizador\PdTest\AndroidManifest.xml:2:1-24:12
	package
		ADDED from untref-sintetizador\PdTest\AndroidManifest.xml:3:2-37
	android:versionName
		INJECTED from untref-sintetizador\PdTest\AndroidManifest.xml
		INJECTED from untref-sintetizador\PdTest\AndroidManifest.xml
	xmlns:android
		ADDED from untref-sintetizador\PdTest\AndroidManifest.xml:2:11-69
	android:versionCode
		INJECTED from untref-sintetizador\PdTest\AndroidManifest.xml
		INJECTED from untref-sintetizador\PdTest\AndroidManifest.xml
application
ADDED from untref-sintetizador\PdTest\AndroidManifest.xml:9:2-21:16
MERGED from [org.puredata.android:PdCore:1.0.1] AndroidManifest.xml:11:5-13:19
MERGED from [com.android.support:support-v4:23.3.0] AndroidManifest.xml:22:5-20
MERGED from [com.android.support:appcompat-v7:23.3.0] AndroidManifest.xml:25:5-20
MERGED from [com.android.support:support-vector-drawable:23.3.0] AndroidManifest.xml:7:5-20
MERGED from [com.android.support:support-v4:23.3.0] AndroidManifest.xml:22:5-20
MERGED from [com.android.support:animated-vector-drawable:23.3.0] AndroidManifest.xml:7:5-20
MERGED from [com.android.support:support-vector-drawable:23.3.0] AndroidManifest.xml:7:5-20
MERGED from [com.android.support:support-v4:23.3.0] AndroidManifest.xml:22:5-20
MERGED from [com.android.support:support-v4:23.3.0] AndroidManifest.xml:22:5-20
MERGED from [com.android.support:support-v4:23.3.0] AndroidManifest.xml:22:5-20
MERGED from [com.android.support:support-v4:23.3.0] AndroidManifest.xml:22:5-20
	android:label
		ADDED from untref-sintetizador\PdTest\AndroidManifest.xml:9:45-77
	android:icon
		ADDED from untref-sintetizador\PdTest\AndroidManifest.xml:9:15-44
	android:theme
		ADDED from untref-sintetizador\PdTest\AndroidManifest.xml:9:78-109
activity#org.puredata.android.test.PdTest
ADDED from untref-sintetizador\PdTest\AndroidManifest.xml:10:3-16:14
	android:screenOrientation
		ADDED from untref-sintetizador\PdTest\AndroidManifest.xml:11:38-81
	android:label
		ADDED from untref-sintetizador\PdTest\AndroidManifest.xml:10:13-45
	android:launchMode
		ADDED from untref-sintetizador\PdTest\AndroidManifest.xml:11:6-37
	android:name
		ADDED from untref-sintetizador\PdTest\AndroidManifest.xml:10:46-68
intent-filter#android.intent.action.MAIN+android.intent.category.LAUNCHER
ADDED from untref-sintetizador\PdTest\AndroidManifest.xml:12:4-15:20
action#android.intent.action.MAIN
ADDED from untref-sintetizador\PdTest\AndroidManifest.xml:13:5-57
	android:name
		ADDED from untref-sintetizador\PdTest\AndroidManifest.xml:13:13-54
category#android.intent.category.LAUNCHER
ADDED from untref-sintetizador\PdTest\AndroidManifest.xml:14:5-65
	android:name
		ADDED from untref-sintetizador\PdTest\AndroidManifest.xml:14:15-62
service#org.puredata.android.service.PdService
ADDED from untref-sintetizador\PdTest\AndroidManifest.xml:17:3-68
	android:name
		ADDED from untref-sintetizador\PdTest\AndroidManifest.xml:17:12-65
activity#org.puredata.android.service.PdPreferences
ADDED from untref-sintetizador\PdTest\AndroidManifest.xml:18:3-20:50
	android:screenOrientation
		ADDED from untref-sintetizador\PdTest\AndroidManifest.xml:20:4-47
	android:label
		ADDED from untref-sintetizador\PdTest\AndroidManifest.xml:18:13-50
	android:name
		ADDED from untref-sintetizador\PdTest\AndroidManifest.xml:19:4-61
uses-permission#android.permission.RECORD_AUDIO
ADDED from untref-sintetizador\PdTest\AndroidManifest.xml:22:2-68
	android:name
		ADDED from untref-sintetizador\PdTest\AndroidManifest.xml:22:19-65
uses-permission#android.permission.BLUETOOTH
ADDED from untref-sintetizador\PdTest\AndroidManifest.xml:23:6-69
	android:name
		ADDED from untref-sintetizador\PdTest\AndroidManifest.xml:23:23-66
uses-sdk
INJECTED from untref-sintetizador\PdTest\AndroidManifest.xml reason: use-sdk injection requested
MERGED from [org.puredata.android:PdCore:1.0.1] AndroidManifest.xml:7:5-9:41
MERGED from [com.noisepages.nettoyeur:midi:1.0.0-rc1] AndroidManifest.xml:7:5-9:40
MERGED from [com.android.support:support-v4:23.3.0] AndroidManifest.xml:20:5-43
MERGED from [com.android.support:appcompat-v7:23.3.0] AndroidManifest.xml:21:5-23:78
MERGED from [com.android.support:support-vector-drawable:23.3.0] AndroidManifest.xml:5:5-43
MERGED from [com.android.support:support-v4:23.3.0] AndroidManifest.xml:20:5-43
MERGED from [com.android.support:animated-vector-drawable:23.3.0] AndroidManifest.xml:5:5-44
MERGED from [com.android.support:support-vector-drawable:23.3.0] AndroidManifest.xml:5:5-43
MERGED from [com.android.support:support-v4:23.3.0] AndroidManifest.xml:20:5-43
MERGED from [com.android.support:support-v4:23.3.0] AndroidManifest.xml:20:5-43
MERGED from [untref-sintetizador:pianoView:unspecified] AndroidManifest.xml:7:5-9:41
MERGED from [com.android.support:support-v4:23.3.0] AndroidManifest.xml:20:5-43
MERGED from [com.android.support:support-v4:23.3.0] AndroidManifest.xml:20:5-43
	tools:overrideLibrary
		ADDED from [com.android.support:appcompat-v7:23.3.0] AndroidManifest.xml:23:9-75
	android:targetSdkVersion
		INJECTED from untref-sintetizador\PdTest\AndroidManifest.xml
		INJECTED from untref-sintetizador\PdTest\AndroidManifest.xml
	android:minSdkVersion
		INJECTED from untref-sintetizador\PdTest\AndroidManifest.xml
		INJECTED from untref-sintetizador\PdTest\AndroidManifest.xml
activity#org.puredata.android.service.MainActivity
ADDED from [org.puredata.android:PdCore:1.0.1] AndroidManifest.xml:12:9-78
	android:name
		ADDED from [org.puredata.android:PdCore:1.0.1] AndroidManifest.xml:12:19-75